[23May2025 00:04:08.605] [Server thread/INFO] [net.minecraft.server.MinecraftServer/]: MarkGamer has made the advancement [First Prayer]
[23May2025 00:11:21.479] [Server thread/INFO] [net.minecraft.server.MinecraftServer/]: MarkGamer has made the advancement [Local Brewery]
[23May2025 00:14:28.548] [Server thread/INFO] [net.minecraft.server.MinecraftServer/]: Made MarkGamer a server operator
[23May2025 00:25:16.562] [Server thread/INFO] [net.minecraft.server.MinecraftServer/]: [MarkGamer: Gave 28    [Block of Redstone] to MarkGamer]
[23May2025 00:36:08.163] [Server thread/INFO] [net.minecraft.server.MinecraftServer/]: MarkGamer has made the advancement [The Chaos of Hell]
[23May2025 00:37:39.523] [Server thread/WARN] [net.minecraft.server.network.ServerGamePacketListenerImpl/]: MarkGamer moved wrongly!
[23May2025 00:51:03.966] [Server thread/INFO] [net.minecraft.server.MinecraftServer/]: MarkGamer has made the advancement [Rolling the Dice]
[23May2025 01:01:25.382] [Server thread/INFO] [net.minecraft.server.MinecraftServer/]: MarkGamer has made the advancement [Magic Disenchantment]
[23May2025 01:01:25.385] [Server thread/INFO] [net.minecraft.server.MinecraftServer/]: MarkGamer has made the advancement [Let The Magic Happen]
[23May2025 01:59:14.399] [Server thread/INFO] [net.minecraft.server.MinecraftServer/]: MarkGamer has made the advancement [Fishy Business]
[23May2025 02:15:38.809] [Server thread/INFO] [net.minecraft.server.MinecraftServer/]: [MarkGamer: Gave 1    [Dirt] to MarkGamer]
[23May2025 02:15:43.858] [Server thread/INFO] [net.minecraft.server.MinecraftServer/]: [MarkGamer: Gave 63    [Dirt] to MarkGamer]
[23May2025 02:16:52.358] [Server thread/INFO] [net.minecraft.server.MinecraftServer/]: [MarkGamer: Gave 63    [Dirt] to MarkGamer]
[23May2025 02:16:53.228] [Server thread/INFO] [net.minecraft.server.MinecraftServer/]: [MarkGamer: Gave 63    [Dirt] to MarkGamer]
[23May2025 02:28:13.300] [Server thread/INFO] [net.minecraft.server.network.ServerGamePacketListenerImpl/]: MarkGamer lost connection: Disconnected
[23May2025 02:28:13.300] [Server thread/INFO] [net.minecraft.server.MinecraftServer/]: MarkGamer left the game
[23May2025 02:28:30.913] [Server thread/INFO] [Async Locator/]: Async Locator -> Shutting down locating executor service
[23May2025 02:28:30.927] [Server thread/INFO] [net.minecraft.server.MinecraftServer/]: Stopping server
[23May2025 02:28:30.929] [Server thread/INFO] [net.minecraft.server.MinecraftServer/]: Saving players
[23May2025 02:28:30.929] [Server thread/INFO] [net.minecraft.server.MinecraftServer/]: Saving worlds
[23May2025 02:28:31.003] [Server thread/INFO] [net.minecraft.server.MinecraftServer/]: Saving chunks for level 'ServerLevel[world]'/minecraft:overworld
[23May2025 02:28:31.192] [Server thread/INFO] [net.minecraft.server.MinecraftServer/]: Saving chunks for level 'ServerLevel[world]'/blue_skies:everdawn
[23May2025 02:28:31.193] [Server thread/INFO] [net.minecraft.server.MinecraftServer/]: Saving chunks for level 'ServerLevel[world]'/twilightforest:twilight_forest
[23May2025 02:28:31.194] [Server thread/INFO] [net.minecraft.server.MinecraftServer/]: Saving chunks for level 'ServerLevel[world]'/ad_astra:moon_orbit
[23May2025 02:28:31.195] [Server thread/INFO] [net.minecraft.server.MinecraftServer/]: Saving chunks for level 'ServerLevel[world]'/ad_astra:earth_orbit
[23May2025 02:28:31.196] [Server thread/INFO] [net.minecraft.server.MinecraftServer/]: Saving chunks for level 'ServerLevel[world]'/ad_astra:mercury
[23May2025 02:28:31.197] [Server thread/INFO] [net.minecraft.server.MinecraftServer/]: Saving chunks for level 'ServerLevel[world]'/allthemodium:mining
[23May2025 02:28:31.197] [Server thread/INFO] [net.minecraft.server.MinecraftServer/]: Saving chunks for level 'ServerLevel[world]'/minecraft:the_nether
[23May2025 02:28:31.203] [Server thread/INFO] [net.minecraft.server.MinecraftServer/]: Saving chunks for level 'ServerLevel[world]'/ad_astra:venus_orbit
[23May2025 02:28:31.204] [Server thread/INFO] [net.minecraft.server.MinecraftServer/]: Saving chunks for level 'ServerLevel[world]'/undergarden:undergarden
[23May2025 02:28:31.205] [Server thread/INFO] [net.minecraft.server.MinecraftServer/]: Saving chunks for level 'ServerLevel[world]'/ad_astra:glacio
[23May2025 02:28:31.205] [Server thread/INFO] [net.minecraft.server.MinecraftServer/]: Saving chunks for level 'ServerLevel[world]'/compactmachines:compact_world
[23May2025 02:28:31.206] [Server thread/INFO] [net.minecraft.server.MinecraftServer/]: Saving chunks for level 'ServerLevel[world]'/ad_astra:mars_orbit
[23May2025 02:28:31.207] [Server thread/INFO] [net.minecraft.server.MinecraftServer/]: Saving chunks for level 'ServerLevel[world]'/ad_astra:mars
[23May2025 02:28:31.208] [Server thread/INFO] [net.minecraft.server.MinecraftServer/]: Saving chunks for level 'ServerLevel[world]'/allthemodium:the_other
[23May2025 02:28:31.209] [Server thread/INFO] [net.minecraft.server.MinecraftServer/]: Saving chunks for level 'ServerLevel[world]'/ad_astra:moon
[23May2025 02:28:31.210] [Server thread/INFO] [net.minecraft.server.MinecraftServer/]: Saving chunks for level 'ServerLevel[world]'/ad_astra:glacio_orbit
[23May2025 02:28:31.211] [Server thread/INFO] [net.minecraft.server.MinecraftServer/]: Saving chunks for level 'ServerLevel[world]'/blue_skies:everbright
[23May2025 02:28:31.212] [Server thread/INFO] [net.minecraft.server.MinecraftServer/]: Saving chunks for level 'ServerLevel[world]'/ad_astra:venus
[23May2025 02:28:31.213] [Server thread/INFO] [net.minecraft.server.MinecraftServer/]: Saving chunks for level 'ServerLevel[world]'/mahoutsukai:reality_marble
[23May2025 02:28:31.213] [Server thread/INFO] [net.minecraft.server.MinecraftServer/]: Saving chunks for level 'ServerLevel[world]'/ad_astra:mercury_orbit
[23May2025 02:28:31.214] [Server thread/INFO] [net.minecraft.server.MinecraftServer/]: Saving chunks for level 'ServerLevel[world]'/mythicbotany:alfheim
[23May2025 02:28:31.215] [Server thread/INFO] [net.minecraft.server.MinecraftServer/]: Saving chunks for level 'ServerLevel[world]'/deeperdarker:otherside
[23May2025 02:28:31.216] [Server thread/INFO] [net.minecraft.server.MinecraftServer/]: Saving chunks for level 'ServerLevel[world]'/minecraft:the_end
[23May2025 02:28:31.217] [Server thread/INFO] [net.minecraft.server.MinecraftServer/]: Saving chunks for level 'ServerLevel[world]'/ae2:spatial_storage
[23May2025 02:28:31.388] [Server thread/INFO] [net.minecraft.server.MinecraftServer/]: ThreadedAnvilChunkStorage (world): All chunks are saved
[23May2025 02:28:31.388] [Server thread/INFO] [net.minecraft.server.MinecraftServer/]: ThreadedAnvilChunkStorage (everdawn): All chunks are saved
[23May2025 02:28:31.388] [Server thread/INFO] [net.minecraft.server.MinecraftServer/]: ThreadedAnvilChunkStorage (twilight_forest): All chunks are saved
[23May2025 02:28:31.388] [Server thread/INFO] [net.minecraft.server.MinecraftServer/]: ThreadedAnvilChunkStorage (moon_orbit): All chunks are saved
[23May2025 02:28:31.388] [Server thread/INFO] [net.minecraft.server.MinecraftServer/]: ThreadedAnvilChunkStorage (earth_orbit): All chunks are saved
[23May2025 02:28:31.388] [Server thread/INFO] [net.minecraft.server.MinecraftServer/]: ThreadedAnvilChunkStorage (mercury): All chunks are saved
[23May2025 02:28:31.388] [Server thread/INFO] [net.minecraft.server.MinecraftServer/]: ThreadedAnvilChunkStorage (mining): All chunks are saved
[23May2025 02:28:31.388] [Server thread/INFO] [net.minecraft.server.MinecraftServer/]: ThreadedAnvilChunkStorage (DIM-1): All chunks are saved
[23May2025 02:28:31.388] [Server thread/INFO] [net.minecraft.server.MinecraftServer/]: ThreadedAnvilChunkStorage (venus_orbit): All chunks are saved
[23May2025 02:28:31.388] [Server thread/INFO] [net.minecraft.server.MinecraftServer/]: ThreadedAnvilChunkStorage (undergarden): All chunks are saved
[23May2025 02:28:31.388] [Server thread/INFO] [net.minecraft.server.MinecraftServer/]: ThreadedAnvilChunkStorage (glacio): All chunks are saved
[23May2025 02:28:31.388] [Server thread/INFO] [net.minecraft.server.MinecraftServer/]: ThreadedAnvilChunkStorage (compact_world): All chunks are saved
[23May2025 02:28:31.388] [Server thread/INFO] [net.minecraft.server.MinecraftServer/]: ThreadedAnvilChunkStorage (mars_orbit): All chunks are saved
[23May2025 02:28:31.388] [Server thread/INFO] [net.minecraft.server.MinecraftServer/]: ThreadedAnvilChunkStorage (mars): All chunks are saved
[23May2025 02:28:31.388] [Server thread/INFO] [net.minecraft.server.MinecraftServer/]: ThreadedAnvilChunkStorage (the_other): All chunks are saved
[23May2025 02:28:31.388] [Server thread/INFO] [net.minecraft.server.MinecraftServer/]: ThreadedAnvilChunkStorage (moon): All chunks are saved
[23May2025 02:28:31.388] [Server thread/INFO] [net.minecraft.server.MinecraftServer/]: ThreadedAnvilChunkStorage (glacio_orbit): All chunks are saved
[23May2025 02:28:31.388] [Server thread/INFO] [net.minecraft.server.MinecraftServer/]: ThreadedAnvilChunkStorage (everbright): All chunks are saved
[23May2025 02:28:31.388] [Server thread/INFO] [net.minecraft.server.MinecraftServer/]: ThreadedAnvilChunkStorage (venus): All chunks are saved
[23May2025 02:28:31.388] [Server thread/INFO] [net.minecraft.server.MinecraftServer/]: ThreadedAnvilChunkStorage (reality_marble): All chunks are saved
[23May2025 02:28:31.389] [Server thread/INFO] [net.minecraft.server.MinecraftServer/]: ThreadedAnvilChunkStorage (mercury_orbit): All chunks are saved
[23May2025 02:28:31.389] [Server thread/INFO] [net.minecraft.server.MinecraftServer/]: ThreadedAnvilChunkStorage (alfheim): All chunks are saved
[23May2025 02:28:31.389] [Server thread/INFO] [net.minecraft.server.MinecraftServer/]: ThreadedAnvilChunkStorage (otherside): All chunks are saved
[23May2025 02:28:31.389] [Server thread/INFO] [net.minecraft.server.MinecraftServer/]: ThreadedAnvilChunkStorage (DIM1): All chunks are saved
[23May2025 02:28:31.389] [Server thread/INFO] [net.minecraft.server.MinecraftServer/]: ThreadedAnvilChunkStorage (spatial_storage): All chunks are saved
[23May2025 02:28:31.389] [Server thread/INFO] [net.minecraft.server.MinecraftServer/]: ThreadedAnvilChunkStorage: All dimensions are saved
[23May2025 02:28:32.451] [Server thread/INFO] [FTB Chunks/]: Shutting down map thread
[23May2025 02:28:32.484] [Server thread/INFO] [shetiphian.endertanks.EnderTanks/]: Unloading EnderTank Data
[23May2025 02:28:32.484] [Server thread/INFO] [shetiphian.endertanks.EnderTanks/]: Finished Unloading EnderTank Data
[23May2025 02:28:33.485] [Server thread/INFO] [configured/]: Unloading server configs...
[23May2025 02:28:33.485] [Server thread/INFO] [configured/]: Sending config unload event for configured.developer.toml
[23May2025 02:28:33.491] [Server thread/INFO] [shetiphian.enderchests.EnderChests/]: Unloading EnderChest Data
[23May2025 02:28:33.491] [Server thread/INFO] [shetiphian.enderchests.EnderChests/]: Finished Unloading EnderChest Data
